build/app/intermediates/manifest_merge_blame_file/debug/manifest-merger-blame-debug-report.txt
1<?xml version="1.0" encoding="utf-8"?>
2<manifest xmlns:android="http://schemas.android.com/apk/res/android"
3    package="com.example.auth_app"
4    android:versionCode="1"
5    android:versionName="1.0.0" >
6
7    <uses-sdk
8        android:minSdkVersion="16"
9        android:targetSdkVersion="28" />
10    <!--
11         Flutter needs it to communicate with the running application
12         to allow setting breakpoints, to provide hot reload, etc.
13    -->
14    <uses-permission android:name="android.permission.INTERNET" />
14-->src/debug/AndroidManifest.xml:6:5-66
14-->src/debug/AndroidManifest.xml:6:22-64
15    <uses-permission android:name="android.permission.ACCESS_NETWORK_STATE" />
15-->[com.google.android.gms:play-services-measurement-api:17.4.1] AndroidManifest.xml:23:5-79
15-->[com.google.android.gms:play-services-measurement-api:17.4.1] AndroidManifest.xml:23:22-76
16    <uses-permission android:name="android.permission.WAKE_LOCK" /> <!-- Required by older versions of Google Play services to create IID tokens -->
16-->[com.google.android.gms:play-services-measurement-api:17.4.1] AndroidManifest.xml:24:5-68
16-->[com.google.android.gms:play-services-measurement-api:17.4.1] AndroidManifest.xml:24:22-65
17    <uses-permission android:name="com.google.android.c2dm.permission.RECEIVE" />
17-->[com.google.firebase:firebase-iid:20.1.5] AndroidManifest.xml:26:5-82
17-->[com.google.firebase:firebase-iid:20.1.5] AndroidManifest.xml:26:22-79
18    <uses-permission android:name="com.google.android.finsky.permission.BIND_GET_INSTALL_REFERRER_SERVICE" />
18-->[com.google.android.gms:play-services-measurement:17.4.1] AndroidManifest.xml:26:5-110
18-->[com.google.android.gms:play-services-measurement:17.4.1] AndroidManifest.xml:26:22-107
19
20    <application
20-->src/main/AndroidManifest.xml:3:4-40:19
21        android:name="androidx.multidex.MultiDexApplication"
22        android:appComponentFactory="androidx.core.app.CoreComponentFactory"
22-->[androidx.core:core:1.1.0] AndroidManifest.xml:24:18-86
23        android:debuggable="true"
24        android:icon="@mipmap/ic_launcher"
24-->src/main/AndroidManifest.xml:5:9-43
25        android:label="auth_app" >
25-->src/main/AndroidManifest.xml:4:9-33
26        <activity
26-->src/main/AndroidManifest.xml:6:9-34:20
27            android:name="com.example.auth_app.MainActivity"
27-->src/main/AndroidManifest.xml:7:13-41
28            android:configChanges="orientation|keyboardHidden|keyboard|screenSize|smallestScreenSize|locale|layoutDirection|fontScale|screenLayout|density|uiMode"
28-->src/main/AndroidManifest.xml:10:13-163
29            android:hardwareAccelerated="true"
29-->src/main/AndroidManifest.xml:11:13-47
30            android:launchMode="singleTop"
30-->src/main/AndroidManifest.xml:8:13-43
31            android:theme="@style/LaunchTheme"
31-->src/main/AndroidManifest.xml:9:13-47
32            android:windowSoftInputMode="adjustResize" >
32-->src/main/AndroidManifest.xml:12:13-55
33
34            <!--
35                 Specifies an Android theme to apply to this Activity as soon as
36                 the Android process has started. This theme is visible to the user
37                 while the Flutter UI initializes. After that, this theme continues
38                 to determine the Window background behind the Flutter UI.
39            -->
40            <meta-data
40-->src/main/AndroidManifest.xml:17:13-20:17
41                android:name="io.flutter.embedding.android.NormalTheme"
41-->src/main/AndroidManifest.xml:18:15-70
42                android:resource="@style/NormalTheme" />
42-->src/main/AndroidManifest.xml:19:15-52
43            <!--
44                 Displays an Android View that continues showing the launch screen
45                 Drawable until Flutter paints its first frame, then this splash
46                 screen fades out. A splash screen is useful to avoid any visual
47                 gap between the end of Android's launch screen and the painting of
48                 Flutter's first frame.
49            -->
50            <meta-data
50-->src/main/AndroidManifest.xml:26:13-29:17
51                android:name="io.flutter.embedding.android.SplashScreenDrawable"
51-->src/main/AndroidManifest.xml:27:15-79
52                android:resource="@drawable/launch_background" />
52-->src/main/AndroidManifest.xml:28:15-61
53
54            <intent-filter>
54-->src/main/AndroidManifest.xml:30:13-33:29
55                <action android:name="android.intent.action.MAIN" />
55-->src/main/AndroidManifest.xml:31:17-68
55-->src/main/AndroidManifest.xml:31:25-66
56
57                <category android:name="android.intent.category.LAUNCHER" />
57-->src/main/AndroidManifest.xml:32:17-76
57-->src/main/AndroidManifest.xml:32:27-74
58            </intent-filter>
59        </activity>
60        <!--
61             Don't delete the meta-data below.
62             This is used by the Flutter tool to generate GeneratedPluginRegistrant.java
63        -->
64        <meta-data
64-->src/main/AndroidManifest.xml:37:9-39:33
65            android:name="flutterEmbedding"
65-->src/main/AndroidManifest.xml:38:13-44
66            android:value="2" />
66-->src/main/AndroidManifest.xml:39:13-30
67
68        <service
68-->[:firebase_auth] AndroidManifest.xml:8:9-12:19
69            android:name="com.google.firebase.components.ComponentDiscoveryService"
69-->[:firebase_auth] AndroidManifest.xml:8:18-89
70            android:directBootAware="true"
70-->[com.google.firebase:firebase-common:19.3.0] AndroidManifest.xml:34:13-43
71            android:exported="false" >
71-->[com.google.firebase:firebase-auth:19.3.1] AndroidManifest.xml:35:13-37
72            <meta-data
72-->[:firebase_auth] AndroidManifest.xml:9:13-11:85
73                android:name="com.google.firebase.components:io.flutter.plugins.firebase.auth.FlutterFirebaseAuthRegistrar"
73-->[:firebase_auth] AndroidManifest.xml:10:17-124
74                android:value="com.google.firebase.components.ComponentRegistrar" />
74-->[:firebase_auth] AndroidManifest.xml:11:17-82
75            <meta-data
75-->[:firebase_core] AndroidManifest.xml:9:13-11:85
76                android:name="com.google.firebase.components:io.flutter.plugins.firebase.core.FlutterFirebaseCoreRegistrar"
76-->[:firebase_core] AndroidManifest.xml:10:17-124
77                android:value="com.google.firebase.components.ComponentRegistrar" />
77-->[:firebase_core] AndroidManifest.xml:11:17-82
78            <meta-data
78-->[com.google.firebase:firebase-auth:19.3.1] AndroidManifest.xml:36:13-38:85
79                android:name="com.google.firebase.components:com.google.firebase.auth.FirebaseAuthRegistrar"
79-->[com.google.firebase:firebase-auth:19.3.1] AndroidManifest.xml:37:17-109
80                android:value="com.google.firebase.components.ComponentRegistrar" />
80-->[com.google.firebase:firebase-auth:19.3.1] AndroidManifest.xml:38:17-82
81            <meta-data
81-->[com.google.android.gms:play-services-measurement-api:17.4.1] AndroidManifest.xml:30:13-32:85
82                android:name="com.google.firebase.components:com.google.firebase.analytics.connector.internal.AnalyticsConnectorRegistrar"
82-->[com.google.android.gms:play-services-measurement-api:17.4.1] AndroidManifest.xml:31:17-139
83                android:value="com.google.firebase.components.ComponentRegistrar" />
83-->[com.google.android.gms:play-services-measurement-api:17.4.1] AndroidManifest.xml:32:17-82
84            <meta-data
84-->[com.google.firebase:firebase-iid:20.1.5] AndroidManifest.xml:32:13-34:85
85                android:name="com.google.firebase.components:com.google.firebase.iid.Registrar"
85-->[com.google.firebase:firebase-iid:20.1.5] AndroidManifest.xml:33:17-96
86                android:value="com.google.firebase.components.ComponentRegistrar" />
86-->[com.google.firebase:firebase-iid:20.1.5] AndroidManifest.xml:34:17-82
87            <meta-data
87-->[com.google.firebase:firebase-installations:16.2.1] AndroidManifest.xml:17:13-19:85
88                android:name="com.google.firebase.components:com.google.firebase.installations.FirebaseInstallationsRegistrar"
88-->[com.google.firebase:firebase-installations:16.2.1] AndroidManifest.xml:18:17-127
89                android:value="com.google.firebase.components.ComponentRegistrar" />
89-->[com.google.firebase:firebase-installations:16.2.1] AndroidManifest.xml:19:17-82
90        </service>
91
92        <activity
92-->[com.google.firebase:firebase-auth:19.3.1] AndroidManifest.xml:24:9-31:50
93            android:name="com.google.firebase.auth.internal.FederatedSignInActivity"
93-->[com.google.firebase:firebase-auth:19.3.1] AndroidManifest.xml:25:13-85
94            android:excludeFromRecents="true"
94-->[com.google.firebase:firebase-auth:19.3.1] AndroidManifest.xml:26:13-46
95            android:exported="true"
95-->[com.google.firebase:firebase-auth:19.3.1] AndroidManifest.xml:27:13-36
96            android:launchMode="singleTask"
96-->[com.google.firebase:firebase-auth:19.3.1] AndroidManifest.xml:28:13-44
97            android:permission="com.google.firebase.auth.api.gms.permission.LAUNCH_FEDERATED_SIGN_IN"
97-->[com.google.firebase:firebase-auth:19.3.1] AndroidManifest.xml:29:13-102
98            android:theme="@android:style/Theme.Translucent.NoTitleBar" />
98-->[com.google.firebase:firebase-auth:19.3.1] AndroidManifest.xml:30:13-72
99        <activity
99-->[com.google.android.gms:play-services-auth:16.0.1] AndroidManifest.xml:23:9-27:75
100            android:name="com.google.android.gms.auth.api.signin.internal.SignInHubActivity"
100-->[com.google.android.gms:play-services-auth:16.0.1] AndroidManifest.xml:24:13-93
101            android:excludeFromRecents="true"
101-->[com.google.android.gms:play-services-auth:16.0.1] AndroidManifest.xml:25:13-46
102            android:exported="false"
102-->[com.google.android.gms:play-services-auth:16.0.1] AndroidManifest.xml:26:13-37
103            android:theme="@android:style/Theme.Translucent.NoTitleBar" />
103-->[com.google.android.gms:play-services-auth:16.0.1] AndroidManifest.xml:27:13-72
104        <!--
105            Service handling Google Sign-In user revocation. For apps that do not integrate with
106            Google Sign-In, this service will never be started.
107        -->
108        <service
108-->[com.google.android.gms:play-services-auth:16.0.1] AndroidManifest.xml:33:9-36:110
109            android:name="com.google.android.gms.auth.api.signin.RevocationBoundService"
109-->[com.google.android.gms:play-services-auth:16.0.1] AndroidManifest.xml:34:13-89
110            android:exported="true"
110-->[com.google.android.gms:play-services-auth:16.0.1] AndroidManifest.xml:35:13-36
111            android:permission="com.google.android.gms.auth.api.signin.permission.REVOCATION_NOTIFICATION" />
111-->[com.google.android.gms:play-services-auth:16.0.1] AndroidManifest.xml:36:13-107
112
113        <receiver
113-->[com.google.firebase:firebase-iid:20.1.5] AndroidManifest.xml:37:9-44:20
114            android:name="com.google.firebase.iid.FirebaseInstanceIdReceiver"
114-->[com.google.firebase:firebase-iid:20.1.5] AndroidManifest.xml:38:13-78
115            android:exported="true"
115-->[com.google.firebase:firebase-iid:20.1.5] AndroidManifest.xml:39:13-36
116            android:permission="com.google.android.c2dm.permission.SEND" >
116-->[com.google.firebase:firebase-iid:20.1.5] AndroidManifest.xml:40:13-73
117            <intent-filter>
117-->[com.google.firebase:firebase-iid:20.1.5] AndroidManifest.xml:41:13-43:29
118                <action android:name="com.google.android.c2dm.intent.RECEIVE" />
118-->[com.google.firebase:firebase-iid:20.1.5] AndroidManifest.xml:42:17-81
118-->[com.google.firebase:firebase-iid:20.1.5] AndroidManifest.xml:42:25-78
119            </intent-filter>
120        </receiver>
121
122        <activity
122-->[com.google.android.gms:play-services-base:17.1.0] AndroidManifest.xml:23:9-26:75
123            android:name="com.google.android.gms.common.api.GoogleApiActivity"
123-->[com.google.android.gms:play-services-base:17.1.0] AndroidManifest.xml:24:13-79
124            android:exported="false"
124-->[com.google.android.gms:play-services-base:17.1.0] AndroidManifest.xml:25:13-37
125            android:theme="@android:style/Theme.Translucent.NoTitleBar" />
125-->[com.google.android.gms:play-services-base:17.1.0] AndroidManifest.xml:26:13-72
126
127        <provider
127-->[com.google.firebase:firebase-common:19.3.0] AndroidManifest.xml:26:9-30:39
128            android:name="com.google.firebase.provider.FirebaseInitProvider"
128-->[com.google.firebase:firebase-common:19.3.0] AndroidManifest.xml:27:13-77
129            android:authorities="com.example.auth_app.firebaseinitprovider"
129-->[com.google.firebase:firebase-common:19.3.0] AndroidManifest.xml:28:13-72
130            android:exported="false"
130-->[com.google.firebase:firebase-common:19.3.0] AndroidManifest.xml:29:13-37
131            android:initOrder="100" />
131-->[com.google.firebase:firebase-common:19.3.0] AndroidManifest.xml:30:13-36
132
133        <receiver
133-->[com.google.android.gms:play-services-measurement:17.4.1] AndroidManifest.xml:29:9-33:20
134            android:name="com.google.android.gms.measurement.AppMeasurementReceiver"
134-->[com.google.android.gms:play-services-measurement:17.4.1] AndroidManifest.xml:30:13-85
135            android:enabled="true"
135-->[com.google.android.gms:play-services-measurement:17.4.1] AndroidManifest.xml:31:13-35
136            android:exported="false" >
136-->[com.google.android.gms:play-services-measurement:17.4.1] AndroidManifest.xml:32:13-37
137        </receiver>
138
139        <service
139-->[com.google.android.gms:play-services-measurement:17.4.1] AndroidManifest.xml:35:9-38:40
140            android:name="com.google.android.gms.measurement.AppMeasurementService"
140-->[com.google.android.gms:play-services-measurement:17.4.1] AndroidManifest.xml:36:13-84
141            android:enabled="true"
141-->[com.google.android.gms:play-services-measurement:17.4.1] AndroidManifest.xml:37:13-35
142            android:exported="false" />
142-->[com.google.android.gms:play-services-measurement:17.4.1] AndroidManifest.xml:38:13-37
143        <service
143-->[com.google.android.gms:play-services-measurement:17.4.1] AndroidManifest.xml:39:9-43:72
144            android:name="com.google.android.gms.measurement.AppMeasurementJobService"
144-->[com.google.android.gms:play-services-measurement:17.4.1] AndroidManifest.xml:40:13-87
145            android:enabled="true"
145-->[com.google.android.gms:play-services-measurement:17.4.1] AndroidManifest.xml:41:13-35
146            android:exported="false"
146-->[com.google.android.gms:play-services-measurement:17.4.1] AndroidManifest.xml:42:13-37
147            android:permission="android.permission.BIND_JOB_SERVICE" />
147-->[com.google.android.gms:play-services-measurement:17.4.1] AndroidManifest.xml:43:13-69
148
149        <meta-data
149-->[com.google.android.gms:play-services-basement:17.0.0] AndroidManifest.xml:23:9-25:69
150            android:name="com.google.android.gms.version"
150-->[com.google.android.gms:play-services-basement:17.0.0] AndroidManifest.xml:24:13-58
151            android:value="@integer/google_play_services_version" />
151-->[com.google.android.gms:play-services-basement:17.0.0] AndroidManifest.xml:25:13-66
152    </application>
153
154</manifest>